2022-05-03 09:35:10.184 GMT Thread[main,5,main] Cleanup action starting
java.sql.SQLException: Failed to start database 'jar:(/mnt/c/Users/Helena/git/homologyConverterActions/Hs_Derby_Ensembl_105.bridge)database', see the next exception for details.
	at org.apache.derby.impl.jdbc.SQLExceptionFactory40.getSQLException(Unknown Source)
	at org.apache.derby.impl.jdbc.Util.newEmbedSQLException(Unknown Source)
	at org.apache.derby.impl.jdbc.Util.seeNextException(Unknown Source)
	at org.apache.derby.impl.jdbc.EmbedConnection.bootDatabase(Unknown Source)
	at org.apache.derby.impl.jdbc.EmbedConnection.<init>(Unknown Source)
	at org.apache.derby.impl.jdbc.EmbedConnection30.<init>(Unknown Source)
	at org.apache.derby.impl.jdbc.EmbedConnection40.<init>(Unknown Source)
	at org.apache.derby.jdbc.Driver40.getNewEmbedConnection(Unknown Source)
	at org.apache.derby.jdbc.InternalDriver.connect(Unknown Source)
	at org.apache.derby.jdbc.AutoloadedDriver.connect(Unknown Source)
	at java.sql.DriverManager.getConnection(DriverManager.java:664)
	at java.sql.DriverManager.getConnection(DriverManager.java:270)
	at org.bridgedb.rdb.SimpleGdbFactory.createInstance(SimpleGdbFactory.java:59)
	at org.bridgedb.rdb.IDMapperRdb$DriverPgdb.connect(IDMapperRdb.java:57)
	at org.bridgedb.BridgeDb.connect(BridgeDb.java:54)
	at org.wp.homology.Utils.setUpIDMapper(Utils.java:22)
	at org.wp.homology.Configurations.readConfigFile(Configurations.java:88)
	at org.wp.homology.LocalHomologyConverter.main(LocalHomologyConverter.java:51)
	at sun.reflect.NativeMethodAccessorImpl.invoke0(Native Method)
	at sun.reflect.NativeMethodAccessorImpl.invoke(NativeMethodAccessorImpl.java:62)
	at sun.reflect.DelegatingMethodAccessorImpl.invoke(DelegatingMethodAccessorImpl.java:43)
	at java.lang.reflect.Method.invoke(Method.java:498)
	at org.eclipse.jdt.internal.jarinjarloader.JarRsrcLoader.main(JarRsrcLoader.java:61)
Caused by: java.sql.SQLException: Failed to start database 'jar:(/mnt/c/Users/Helena/git/homologyConverterActions/Hs_Derby_Ensembl_105.bridge)database', see the next exception for details.
	at org.apache.derby.impl.jdbc.SQLExceptionFactory.getSQLException(Unknown Source)
	at org.apache.derby.impl.jdbc.SQLExceptionFactory40.wrapArgsForTransportAcrossDRDA(Unknown Source)
	... 23 more
Caused by: java.sql.SQLException: Java exception: '/mnt/c/Users/Helena/git/homologyConverterActions/Hs_Derby_Ensembl_105.bridge (No such file or directory): java.io.FileNotFoundException'.
	at org.apache.derby.impl.jdbc.SQLExceptionFactory.getSQLException(Unknown Source)
	at org.apache.derby.impl.jdbc.SQLExceptionFactory40.wrapArgsForTransportAcrossDRDA(Unknown Source)
	at org.apache.derby.impl.jdbc.SQLExceptionFactory40.getSQLException(Unknown Source)
	at org.apache.derby.impl.jdbc.Util.newEmbedSQLException(Unknown Source)
	at org.apache.derby.impl.jdbc.Util.javaException(Unknown Source)
	... 20 more
Caused by: java.io.FileNotFoundException: /mnt/c/Users/Helena/git/homologyConverterActions/Hs_Derby_Ensembl_105.bridge (No such file or directory)
	at java.util.zip.ZipFile.open(Native Method)
	at java.util.zip.ZipFile.<init>(ZipFile.java:226)
	at java.util.zip.ZipFile.<init>(ZipFile.java:155)
	at java.util.zip.ZipFile.<init>(ZipFile.java:169)
	at org.apache.derby.impl.io.JarStorageFactory.doInit(Unknown Source)
	at org.apache.derby.impl.io.BaseStorageFactory.init(Unknown Source)
	at org.apache.derby.impl.services.monitor.StorageFactoryService.privGetStorageFactoryInstance(Unknown Source)
	at org.apache.derby.impl.services.monitor.StorageFactoryService.access$400(Unknown Source)
	at org.apache.derby.impl.services.monitor.StorageFactoryService$11.run(Unknown Source)
	at java.security.AccessController.doPrivileged(Native Method)
	at org.apache.derby.impl.services.monitor.StorageFactoryService.getCanonicalServiceName(Unknown Source)
	at org.apache.derby.impl.services.monitor.BaseMonitor.findProviderAndStartService(Unknown Source)
	at org.apache.derby.impl.services.monitor.BaseMonitor.startPersistentService(Unknown Source)
	at org.apache.derby.iapi.services.monitor.Monitor.startPersistentService(Unknown Source)
	... 20 more
============= begin nested exception, level (1) ===========
java.sql.SQLException: Java exception: '/mnt/c/Users/Helena/git/homologyConverterActions/Hs_Derby_Ensembl_105.bridge (No such file or directory): java.io.FileNotFoundException'.
	at org.apache.derby.impl.jdbc.SQLExceptionFactory40.getSQLException(Unknown Source)
	at org.apache.derby.impl.jdbc.Util.newEmbedSQLException(Unknown Source)
	at org.apache.derby.impl.jdbc.Util.javaException(Unknown Source)
	at org.apache.derby.impl.jdbc.EmbedConnection.bootDatabase(Unknown Source)
	at org.apache.derby.impl.jdbc.EmbedConnection.<init>(Unknown Source)
	at org.apache.derby.impl.jdbc.EmbedConnection30.<init>(Unknown Source)
	at org.apache.derby.impl.jdbc.EmbedConnection40.<init>(Unknown Source)
	at org.apache.derby.jdbc.Driver40.getNewEmbedConnection(Unknown Source)
	at org.apache.derby.jdbc.InternalDriver.connect(Unknown Source)
	at org.apache.derby.jdbc.AutoloadedDriver.connect(Unknown Source)
	at java.sql.DriverManager.getConnection(DriverManager.java:664)
	at java.sql.DriverManager.getConnection(DriverManager.java:270)
	at org.bridgedb.rdb.SimpleGdbFactory.createInstance(SimpleGdbFactory.java:59)
	at org.bridgedb.rdb.IDMapperRdb$DriverPgdb.connect(IDMapperRdb.java:57)
	at org.bridgedb.BridgeDb.connect(BridgeDb.java:54)
	at org.wp.homology.Utils.setUpIDMapper(Utils.java:22)
	at org.wp.homology.Configurations.readConfigFile(Configurations.java:88)
	at org.wp.homology.LocalHomologyConverter.main(LocalHomologyConverter.java:51)
	at sun.reflect.NativeMethodAccessorImpl.invoke0(Native Method)
	at sun.reflect.NativeMethodAccessorImpl.invoke(NativeMethodAccessorImpl.java:62)
	at sun.reflect.DelegatingMethodAccessorImpl.invoke(DelegatingMethodAccessorImpl.java:43)
	at java.lang.reflect.Method.invoke(Method.java:498)
	at org.eclipse.jdt.internal.jarinjarloader.JarRsrcLoader.main(JarRsrcLoader.java:61)
Caused by: java.sql.SQLException: Java exception: '/mnt/c/Users/Helena/git/homologyConverterActions/Hs_Derby_Ensembl_105.bridge (No such file or directory): java.io.FileNotFoundException'.
	at org.apache.derby.impl.jdbc.SQLExceptionFactory.getSQLException(Unknown Source)
	at org.apache.derby.impl.jdbc.SQLExceptionFactory40.wrapArgsForTransportAcrossDRDA(Unknown Source)
	... 23 more
Caused by: java.io.FileNotFoundException: /mnt/c/Users/Helena/git/homologyConverterActions/Hs_Derby_Ensembl_105.bridge (No such file or directory)
	at java.util.zip.ZipFile.open(Native Method)
	at java.util.zip.ZipFile.<init>(ZipFile.java:226)
	at java.util.zip.ZipFile.<init>(ZipFile.java:155)
	at java.util.zip.ZipFile.<init>(ZipFile.java:169)
	at org.apache.derby.impl.io.JarStorageFactory.doInit(Unknown Source)
	at org.apache.derby.impl.io.BaseStorageFactory.init(Unknown Source)
	at org.apache.derby.impl.services.monitor.StorageFactoryService.privGetStorageFactoryInstance(Unknown Source)
	at org.apache.derby.impl.services.monitor.StorageFactoryService.access$400(Unknown Source)
	at org.apache.derby.impl.services.monitor.StorageFactoryService$11.run(Unknown Source)
	at java.security.AccessController.doPrivileged(Native Method)
	at org.apache.derby.impl.services.monitor.StorageFactoryService.getCanonicalServiceName(Unknown Source)
	at org.apache.derby.impl.services.monitor.BaseMonitor.findProviderAndStartService(Unknown Source)
	at org.apache.derby.impl.services.monitor.BaseMonitor.startPersistentService(Unknown Source)
	at org.apache.derby.iapi.services.monitor.Monitor.startPersistentService(Unknown Source)
	... 20 more
============= end nested exception, level (1) ===========
============= begin nested exception, level (2) ===========
java.sql.SQLException: Java exception: '/mnt/c/Users/Helena/git/homologyConverterActions/Hs_Derby_Ensembl_105.bridge (No such file or directory): java.io.FileNotFoundException'.
	at org.apache.derby.impl.jdbc.SQLExceptionFactory.getSQLException(Unknown Source)
	at org.apache.derby.impl.jdbc.SQLExceptionFactory40.wrapArgsForTransportAcrossDRDA(Unknown Source)
	at org.apache.derby.impl.jdbc.SQLExceptionFactory40.getSQLException(Unknown Source)
	at org.apache.derby.impl.jdbc.Util.newEmbedSQLException(Unknown Source)
	at org.apache.derby.impl.jdbc.Util.javaException(Unknown Source)
	at org.apache.derby.impl.jdbc.EmbedConnection.bootDatabase(Unknown Source)
	at org.apache.derby.impl.jdbc.EmbedConnection.<init>(Unknown Source)
	at org.apache.derby.impl.jdbc.EmbedConnection30.<init>(Unknown Source)
	at org.apache.derby.impl.jdbc.EmbedConnection40.<init>(Unknown Source)
	at org.apache.derby.jdbc.Driver40.getNewEmbedConnection(Unknown Source)
	at org.apache.derby.jdbc.InternalDriver.connect(Unknown Source)
	at org.apache.derby.jdbc.AutoloadedDriver.connect(Unknown Source)
	at java.sql.DriverManager.getConnection(DriverManager.java:664)
	at java.sql.DriverManager.getConnection(DriverManager.java:270)
	at org.bridgedb.rdb.SimpleGdbFactory.createInstance(SimpleGdbFactory.java:59)
	at org.bridgedb.rdb.IDMapperRdb$DriverPgdb.connect(IDMapperRdb.java:57)
	at org.bridgedb.BridgeDb.connect(BridgeDb.java:54)
	at org.wp.homology.Utils.setUpIDMapper(Utils.java:22)
	at org.wp.homology.Configurations.readConfigFile(Configurations.java:88)
	at org.wp.homology.LocalHomologyConverter.main(LocalHomologyConverter.java:51)
	at sun.reflect.NativeMethodAccessorImpl.invoke0(Native Method)
	at sun.reflect.NativeMethodAccessorImpl.invoke(NativeMethodAccessorImpl.java:62)
	at sun.reflect.DelegatingMethodAccessorImpl.invoke(DelegatingMethodAccessorImpl.java:43)
	at java.lang.reflect.Method.invoke(Method.java:498)
	at org.eclipse.jdt.internal.jarinjarloader.JarRsrcLoader.main(JarRsrcLoader.java:61)
Caused by: java.io.FileNotFoundException: /mnt/c/Users/Helena/git/homologyConverterActions/Hs_Derby_Ensembl_105.bridge (No such file or directory)
	at java.util.zip.ZipFile.open(Native Method)
	at java.util.zip.ZipFile.<init>(ZipFile.java:226)
	at java.util.zip.ZipFile.<init>(ZipFile.java:155)
	at java.util.zip.ZipFile.<init>(ZipFile.java:169)
	at org.apache.derby.impl.io.JarStorageFactory.doInit(Unknown Source)
	at org.apache.derby.impl.io.BaseStorageFactory.init(Unknown Source)
	at org.apache.derby.impl.services.monitor.StorageFactoryService.privGetStorageFactoryInstance(Unknown Source)
	at org.apache.derby.impl.services.monitor.StorageFactoryService.access$400(Unknown Source)
	at org.apache.derby.impl.services.monitor.StorageFactoryService$11.run(Unknown Source)
	at java.security.AccessController.doPrivileged(Native Method)
	at org.apache.derby.impl.services.monitor.StorageFactoryService.getCanonicalServiceName(Unknown Source)
	at org.apache.derby.impl.services.monitor.BaseMonitor.findProviderAndStartService(Unknown Source)
	at org.apache.derby.impl.services.monitor.BaseMonitor.startPersistentService(Unknown Source)
	at org.apache.derby.iapi.services.monitor.Monitor.startPersistentService(Unknown Source)
	... 20 more
============= end nested exception, level (2) ===========
============= begin nested exception, level (3) ===========
java.io.FileNotFoundException: /mnt/c/Users/Helena/git/homologyConverterActions/Hs_Derby_Ensembl_105.bridge (No such file or directory)
	at java.util.zip.ZipFile.open(Native Method)
	at java.util.zip.ZipFile.<init>(ZipFile.java:226)
	at java.util.zip.ZipFile.<init>(ZipFile.java:155)
	at java.util.zip.ZipFile.<init>(ZipFile.java:169)
	at org.apache.derby.impl.io.JarStorageFactory.doInit(Unknown Source)
	at org.apache.derby.impl.io.BaseStorageFactory.init(Unknown Source)
	at org.apache.derby.impl.services.monitor.StorageFactoryService.privGetStorageFactoryInstance(Unknown Source)
	at org.apache.derby.impl.services.monitor.StorageFactoryService.access$400(Unknown Source)
	at org.apache.derby.impl.services.monitor.StorageFactoryService$11.run(Unknown Source)
	at java.security.AccessController.doPrivileged(Native Method)
	at org.apache.derby.impl.services.monitor.StorageFactoryService.getCanonicalServiceName(Unknown Source)
	at org.apache.derby.impl.services.monitor.BaseMonitor.findProviderAndStartService(Unknown Source)
	at org.apache.derby.impl.services.monitor.BaseMonitor.startPersistentService(Unknown Source)
	at org.apache.derby.iapi.services.monitor.Monitor.startPersistentService(Unknown Source)
	at org.apache.derby.impl.jdbc.EmbedConnection.bootDatabase(Unknown Source)
	at org.apache.derby.impl.jdbc.EmbedConnection.<init>(Unknown Source)
	at org.apache.derby.impl.jdbc.EmbedConnection30.<init>(Unknown Source)
	at org.apache.derby.impl.jdbc.EmbedConnection40.<init>(Unknown Source)
	at org.apache.derby.jdbc.Driver40.getNewEmbedConnection(Unknown Source)
	at org.apache.derby.jdbc.InternalDriver.connect(Unknown Source)
	at org.apache.derby.jdbc.AutoloadedDriver.connect(Unknown Source)
	at java.sql.DriverManager.getConnection(DriverManager.java:664)
	at java.sql.DriverManager.getConnection(DriverManager.java:270)
	at org.bridgedb.rdb.SimpleGdbFactory.createInstance(SimpleGdbFactory.java:59)
	at org.bridgedb.rdb.IDMapperRdb$DriverPgdb.connect(IDMapperRdb.java:57)
	at org.bridgedb.BridgeDb.connect(BridgeDb.java:54)
	at org.wp.homology.Utils.setUpIDMapper(Utils.java:22)
	at org.wp.homology.Configurations.readConfigFile(Configurations.java:88)
	at org.wp.homology.LocalHomologyConverter.main(LocalHomologyConverter.java:51)
	at sun.reflect.NativeMethodAccessorImpl.invoke0(Native Method)
	at sun.reflect.NativeMethodAccessorImpl.invoke(NativeMethodAccessorImpl.java:62)
	at sun.reflect.DelegatingMethodAccessorImpl.invoke(DelegatingMethodAccessorImpl.java:43)
	at java.lang.reflect.Method.invoke(Method.java:498)
	at org.eclipse.jdt.internal.jarinjarloader.JarRsrcLoader.main(JarRsrcLoader.java:61)
============= end nested exception, level (3) ===========
Cleanup action completed
